<?xml version="1.0" encoding="UTF-8"?>
<!-- Generated by org.testng.reporters.JUnitReportReporter -->
<testsuite hostname="DESKTOP-MLOUV3A" failures="0" tests="1" name="TestNG_Output.testClass_TC001" time="28.534" errors="0" timestamp="2022-09-07T21:57:38 IST" skipped="0">
  <testcase classname="TestNG_Output.testClass_TC001" name="validateLogin" time="28.534"/>
  <system-out/>
</testsuite> <!-- TestNG_Output.testClass_TC001 -->
